Arguments: 
  C:\Program Files\nodejs\node.exe C:\Users\dell\AppData\Roaming\npm\node_modules\yarn\bin\yarn.js init

PATH: 
  C:\Windows\system32;C:\Windows;C:\Windows\System32\Wbem;C:\Windows\System32\WindowsPowerShell\v1.0\;C:\Windows\System32\OpenSSH\;C:\Program Files\nodejs\;C:\Program Files\GitHub CLI\;C:\Program Files\Git\cmd;C:\Program Files\dotnet\;C:\Program Files\JDK\bin;C:\Users\dell\AppData\Local\Programs\Python\Python311;C:\Users\dell\AppData\Local\Programs\Python\Python311\Scripts;C:\Users\dell\AppData\Local\Microsoft\WindowsApps;C:\Users\dell\AppData\Roaming\npm;C:\Users\dell\AppData\Local\Programs\Microsoft VS Code\bin;D:\flutter\bin;C:\Program Files\JDK\bin

Yarn version: 
  1.22.19

Node version: 
  16.17.0

Platform: 
  win32 x64

Trace: 
  SyntaxError: D:\React Projects\mern\backend\package.json: Unexpected end of JSON input
      at JSON.parse (<anonymous>)
      at C:\Users\dell\AppData\Roaming\npm\node_modules\yarn\lib\cli.js:1629:59
      at Generator.next (<anonymous>)
      at step (C:\Users\dell\AppData\Roaming\npm\node_modules\yarn\lib\cli.js:310:30)
      at C:\Users\dell\AppData\Roaming\npm\node_modules\yarn\lib\cli.js:321:13

npm manifest: 
  

yarn manifest: 
  No manifest

Lockfile: 
  # THIS IS AN AUTOGENERATED FILE. DO NOT EDIT THIS FILE DIRECTLY.
  # yarn lockfile v1
